<?xml version="1.0" encoding="UTF-8"?>
<!-- Generated by org.testng.reporters.JUnitReportReporter -->
<testsuite skipped="0" hostname="DESKTOP-23AEDGJ" name="com.qa.assignment1.tests.CompareAmazon_Flipkart" tests="3" failures="0" timestamp="27 Jan 2020 12:55:45 GMT" time="19.551" errors="0">
  <testcase name="amazonPrice" time="11.901" classname="com.qa.assignment1.tests.CompareAmazon_Flipkart"/>
  <testcase name="flipkartPrice" time="7.649" classname="com.qa.assignment1.tests.CompareAmazon_Flipkart"/>
  <testcase name="comparePrice" time="0.001" classname="com.qa.assignment1.tests.CompareAmazon_Flipkart"/>
</testsuite> <!-- com.qa.assignment1.tests.CompareAmazon_Flipkart -->
